{"/Users/sbrown/cde/external-projects/formd2/src/parser.ts": {"path":"/Users/sbrown/cde/external-projects/formd2/src/parser.ts","statementMap":{"0":{"start":{"line":1,"column":15},"end":{"line":1,"column":32}},"1":{"start":{"line":2,"column":0},"end":{"line":2,"column":33}},"2":{"start":{"line":4,"column":0},"end":{"line":4,"column":76}},"3":{"start":{"line":16,"column":13},"end":{"line":36,"column":null}},"4":{"start":{"line":16,"column":53},"end":{"line":36,"column":null}},"5":{"start":{"line":17,"column":33},"end":{"line":34,"column":4}},"6":{"start":{"line":18,"column":18},"end":{"line":18,"column":28}},"7":{"start":{"line":19,"column":19},"end":{"line":19,"column":26}},"8":{"start":{"line":20,"column":24},"end":{"line":20,"column":51}},"9":{"start":{"line":21,"column":24},"end":{"line":21,"column":54}},"10":{"start":{"line":22,"column":22},"end":{"line":22,"column":63}},"11":{"start":{"line":23,"column":25},"end":{"line":23,"column":65}},"12":{"start":{"line":25,"column":31},"end":{"line":32,"column":null}},"13":{"start":{"line":33,"column":4},"end":{"line":33,"column":null}},"14":{"start":{"line":35,"column":2},"end":{"line":35,"column":null}},"15":{"start":{"line":38,"column":22},"end":{"line":83,"column":null}},"16":{"start":{"line":38,"column":49},"end":{"line":83,"column":null}},"17":{"start":{"line":40,"column":17},"end":{"line":40,"column":29}},"18":{"start":{"line":41,"column":16},"end":{"line":41,"column":42}},"19":{"start":{"line":42,"column":17},"end":{"line":49,"column":15}},"20":{"start":{"line":43,"column":20},"end":{"line":43,"column":34}},"21":{"start":{"line":44,"column":17},"end":{"line":44,"column":29}},"22":{"start":{"line":45,"column":18},"end":{"line":45,"column":65}},"23":{"start":{"line":46,"column":18},"end":{"line":46,"column":57}},"24":{"start":{"line":47,"column":4},"end":{"line":47,"column":null}},"25":{"start":{"line":48,"column":4},"end":{"line":48,"column":null}},"26":{"start":{"line":51,"column":24},"end":{"line":51,"column":26}},"27":{"start":{"line":52,"column":21},"end":{"line":80,"column":3}},"28":{"start":{"line":53,"column":4},"end":{"line":79,"column":null}},"29":{"start":{"line":53,"column":15},"end":{"line":53,"column":16}},"30":{"start":{"line":54,"column":25},"end":{"line":54,"column":31}},"31":{"start":{"line":55,"column":6},"end":{"line":75,"column":null}},"32":{"start":{"line":56,"column":25},"end":{"line":56,"column":46}},"33":{"start":{"line":57,"column":8},"end":{"line":74,"column":null}},"34":{"start":{"line":58,"column":24},"end":{"line":58,"column":58}},"35":{"start":{"line":59,"column":35},"end":{"line":59,"column":65}},"36":{"start":{"line":60,"column":28},"end":{"line":67,"column":null}},"37":{"start":{"line":68,"column":10},"end":{"line":72,"column":null}},"38":{"start":{"line":69,"column":24},"end":{"line":69,"column":52}},"39":{"start":{"line":70,"column":33},"end":{"line":70,"column":48}},"40":{"start":{"line":71,"column":12},"end":{"line":71,"column":null}},"41":{"start":{"line":73,"column":10},"end":{"line":73,"column":null}},"42":{"start":{"line":76,"column":6},"end":{"line":78,"column":null}},"43":{"start":{"line":77,"column":8},"end":{"line":77,"column":null}},"44":{"start":{"line":81,"column":2},"end":{"line":81,"column":null}},"45":{"start":{"line":82,"column":2},"end":{"line":82,"column":null}},"46":{"start":{"line":85,"column":13},"end":{"line":94,"column":null}},"47":{"start":{"line":85,"column":72},"end":{"line":94,"column":null}},"48":{"start":{"line":86,"column":2},"end":{"line":93,"column":null}},"49":{"start":{"line":87,"column":18},"end":{"line":87,"column":45}},"50":{"start":{"line":88,"column":4},"end":{"line":90,"column":null}},"51":{"start":{"line":89,"column":50},"end":{"line":89,"column":77}},"52":{"start":{"line":92,"column":4},"end":{"line":92,"column":null}},"53":{"start":{"line":96,"column":13},"end":{"line":100,"column":null}},"54":{"start":{"line":96,"column":50},"end":{"line":100,"column":null}},"55":{"start":{"line":97,"column":17},"end":{"line":97,"column":33}},"56":{"start":{"line":98,"column":2},"end":{"line":99,"column":null}},"57":{"start":{"line":99,"column":17},"end":{"line":99,"column":33}}},"fnMap":{"0":{"name":"(anonymous_7)","decl":{"start":{"line":16,"column":28},"end":{"line":16,"column":34}},"loc":{"start":{"line":16,"column":53},"end":{"line":36,"column":null}}},"1":{"name":"(anonymous_8)","decl":{"start":{"line":16,"column":53},"end":{"line":16,"column":null}},"loc":{"start":{"line":16,"column":53},"end":{"line":36,"column":1}}},"2":{"name":"(anonymous_9)","decl":{"start":{"line":17,"column":43},"end":{"line":17,"column":44}},"loc":{"start":{"line":17,"column":64},"end":{"line":34,"column":3}}},"3":{"name":"(anonymous_10)","decl":{"start":{"line":38,"column":22},"end":{"line":38,"column":28}},"loc":{"start":{"line":38,"column":49},"end":{"line":83,"column":null}}},"4":{"name":"(anonymous_11)","decl":{"start":{"line":38,"column":49},"end":{"line":38,"column":null}},"loc":{"start":{"line":38,"column":49},"end":{"line":83,"column":1}}},"5":{"name":"(anonymous_12)","decl":{"start":{"line":42,"column":44},"end":{"line":42,"column":45}},"loc":{"start":{"line":42,"column":72},"end":{"line":49,"column":3}}},"6":{"name":"(anonymous_13)","decl":{"start":{"line":52,"column":21},"end":{"line":52,"column":22}},"loc":{"start":{"line":52,"column":40},"end":{"line":80,"column":3}}},"7":{"name":"(anonymous_14)","decl":{"start":{"line":85,"column":22},"end":{"line":85,"column":28}},"loc":{"start":{"line":85,"column":72},"end":{"line":94,"column":null}}},"8":{"name":"(anonymous_15)","decl":{"start":{"line":85,"column":72},"end":{"line":85,"column":null}},"loc":{"start":{"line":85,"column":72},"end":{"line":94,"column":1}}},"9":{"name":"(anonymous_16)","decl":{"start":{"line":89,"column":39},"end":{"line":89,"column":40}},"loc":{"start":{"line":89,"column":50},"end":{"line":89,"column":77}}},"10":{"name":"(anonymous_17)","decl":{"start":{"line":96,"column":19},"end":{"line":96,"column":25}},"loc":{"start":{"line":96,"column":50},"end":{"line":100,"column":null}}},"11":{"name":"(anonymous_18)","decl":{"start":{"line":96,"column":50},"end":{"line":96,"column":null}},"loc":{"start":{"line":96,"column":50},"end":{"line":100,"column":1}}},"12":{"name":"(anonymous_19)","decl":{"start":{"line":99,"column":10},"end":{"line":99,"column":13}},"loc":{"start":{"line":99,"column":17},"end":{"line":99,"column":33}}}},"branchMap":{"0":{"loc":{"start":{"line":22,"column":42},"end":{"line":22,"column":44}},"type":"cond-expr","locations":[{"start":{"line":22,"column":42},"end":{"line":22,"column":44}},{"start":{"line":22,"column":46},"end":{"line":22,"column":63}}]},"1":{"loc":{"start":{"line":45,"column":48},"end":{"line":45,"column":50}},"type":"cond-expr","locations":[{"start":{"line":45,"column":48},"end":{"line":45,"column":50}},{"start":{"line":45,"column":52},"end":{"line":45,"column":65}}]},"2":{"loc":{"start":{"line":55,"column":6},"end":{"line":75,"column":null}},"type":"if","locations":[{"start":{"line":55,"column":6},"end":{"line":75,"column":null}},{"start":{"line":55,"column":6},"end":{"line":75,"column":null}}]},"3":{"loc":{"start":{"line":55,"column":13},"end":{"line":55,"column":15}},"type":"cond-expr","locations":[{"start":{"line":55,"column":13},"end":{"line":55,"column":15}},{"start":{"line":55,"column":10},"end":{"line":55,"column":19}}]},"4":{"loc":{"start":{"line":55,"column":10},"end":{"line":55,"column":15}},"type":"binary-expr","locations":[{"start":{"line":55,"column":10},"end":{"line":55,"column":15}},{"start":{"line":55,"column":10},"end":{"line":55,"column":15}}]},"5":{"loc":{"start":{"line":57,"column":8},"end":{"line":74,"column":null}},"type":"if","locations":[{"start":{"line":57,"column":8},"end":{"line":74,"column":null}},{"start":{"line":57,"column":8},"end":{"line":74,"column":null}}]},"6":{"loc":{"start":{"line":58,"column":45},"end":{"line":58,"column":47}},"type":"cond-expr","locations":[{"start":{"line":58,"column":45},"end":{"line":58,"column":47}},{"start":{"line":58,"column":49},"end":{"line":58,"column":58}}]},"7":{"loc":{"start":{"line":68,"column":10},"end":{"line":72,"column":null}},"type":"if","locations":[{"start":{"line":68,"column":10},"end":{"line":72,"column":null}},{"start":{"line":68,"column":10},"end":{"line":72,"column":null}}]},"8":{"loc":{"start":{"line":76,"column":6},"end":{"line":78,"column":null}},"type":"if","locations":[{"start":{"line":76,"column":6},"end":{"line":78,"column":null}},{"start":{"line":76,"column":6},"end":{"line":78,"column":null}}]},"9":{"loc":{"start":{"line":76,"column":13},"end":{"line":76,"column":15}},"type":"cond-expr","locations":[{"start":{"line":76,"column":13},"end":{"line":76,"column":15}},{"start":{"line":76,"column":10},"end":{"line":76,"column":21}}]},"10":{"loc":{"start":{"line":76,"column":10},"end":{"line":76,"column":15}},"type":"binary-expr","locations":[{"start":{"line":76,"column":10},"end":{"line":76,"column":15}},{"start":{"line":76,"column":10},"end":{"line":76,"column":15}}]},"11":{"loc":{"start":{"line":89,"column":8},"end":{"line":89,"column":78}},"type":"cond-expr","locations":[{"start":{"line":89,"column":8},"end":{"line":89,"column":78}},{"start":{"line":90,"column":8},"end":{"line":90,"column":10}}]}},"s":{"0":1,"1":1,"2":1,"3":1,"4":4,"5":4,"6":8,"7":8,"8":8,"9":8,"10":8,"11":8,"12":8,"13":8,"14":4,"15":1,"16":8,"17":8,"18":8,"19":8,"20":4,"21":4,"22":4,"23":4,"24":4,"25":4,"26":8,"27":8,"28":25,"29":25,"30":59,"31":59,"32":10,"33":10,"34":8,"35":8,"36":8,"37":8,"38":4,"39":4,"40":4,"41":8,"42":59,"43":17,"44":8,"45":8,"46":1,"47":8,"48":8,"49":8,"50":8,"51":4,"52":0,"53":1,"54":0,"55":0,"56":0,"57":0},"f":{"0":4,"1":4,"2":8,"3":8,"4":8,"5":4,"6":25,"7":8,"8":8,"9":4,"10":0,"11":0,"12":0},"b":{"0":[8,0],"1":[4,0],"2":[10,49],"3":[0,59],"4":[59,59],"5":[8,2],"6":[8,0],"7":[4,4],"8":[17,42],"9":[0,59],"10":[59,59],"11":[4,4]}}
,"/Users/sbrown/cde/external-projects/formd2/src/utils.ts": {"path":"/Users/sbrown/cde/external-projects/formd2/src/utils.ts","statementMap":{"0":{"start":{"line":4,"column":13},"end":{"line":4,"column":null}},"1":{"start":{"line":4,"column":41},"end":{"line":4,"column":75}},"2":{"start":{"line":7,"column":13},"end":{"line":13,"column":null}},"3":{"start":{"line":8,"column":19},"end":{"line":8,"column":43}},"4":{"start":{"line":9,"column":14},"end":{"line":11,"column":57}},"5":{"start":{"line":12,"column":2},"end":{"line":12,"column":null}},"6":{"start":{"line":16,"column":13},"end":{"line":25,"column":null}},"7":{"start":{"line":17,"column":16},"end":{"line":17,"column":33}},"8":{"start":{"line":18,"column":16},"end":{"line":18,"column":33}},"9":{"start":{"line":19,"column":14},"end":{"line":19,"column":18}},"10":{"start":{"line":20,"column":17},"end":{"line":20,"column":34}},"11":{"start":{"line":21,"column":17},"end":{"line":21,"column":34}},"12":{"start":{"line":22,"column":2},"end":{"line":22,"column":null}},"13":{"start":{"line":22,"column":25},"end":{"line":22,"column":null}},"14":{"start":{"line":23,"column":2},"end":{"line":23,"column":null}},"15":{"start":{"line":23,"column":25},"end":{"line":23,"column":null}},"16":{"start":{"line":24,"column":2},"end":{"line":24,"column":null}},"17":{"start":{"line":27,"column":16},"end":{"line":50,"column":1}},"18":{"start":{"line":28,"column":12},"end":{"line":28,"column":14}},"19":{"start":{"line":29,"column":17},"end":{"line":29,"column":19}},"20":{"start":{"line":30,"column":27},"end":{"line":30,"column":34}},"21":{"start":{"line":31,"column":20},"end":{"line":33,"column":17}},"22":{"start":{"line":34,"column":2},"end":{"line":41,"column":null}},"23":{"start":{"line":35,"column":15},"end":{"line":35,"column":38}},"24":{"start":{"line":36,"column":14},"end":{"line":36,"column":34}},"25":{"start":{"line":37,"column":4},"end":{"line":37,"column":null}},"26":{"start":{"line":38,"column":4},"end":{"line":38,"column":null}},"27":{"start":{"line":39,"column":4},"end":{"line":39,"column":null}},"28":{"start":{"line":40,"column":4},"end":{"line":40,"column":null}},"29":{"start":{"line":43,"column":2},"end":{"line":48,"column":null}},"30":{"start":{"line":44,"column":4},"end":{"line":44,"column":44}},"31":{"start":{"line":45,"column":17},"end":{"line":45,"column":55}},"32":{"start":{"line":45,"column":35},"end":{"line":45,"column":43}},"33":{"start":{"line":47,"column":4},"end":{"line":47,"column":null}},"34":{"start":{"line":49,"column":2},"end":{"line":49,"column":null}},"35":{"start":{"line":52,"column":13},"end":{"line":55,"column":null}},"36":{"start":{"line":52,"column":79},"end":{"line":55,"column":null}},"37":{"start":{"line":53,"column":14},"end":{"line":53,"column":40}},"38":{"start":{"line":54,"column":2},"end":{"line":54,"column":null}}},"fnMap":{"0":{"name":"(anonymous_7)","decl":{"start":{"line":4,"column":25},"end":{"line":4,"column":26}},"loc":{"start":{"line":4,"column":41},"end":{"line":4,"column":75}}},"1":{"name":"(anonymous_8)","decl":{"start":{"line":7,"column":31},"end":{"line":7,"column":32}},"loc":{"start":{"line":7,"column":47},"end":{"line":13,"column":1}}},"2":{"name":"(anonymous_9)","decl":{"start":{"line":16,"column":28},"end":{"line":16,"column":29}},"loc":{"start":{"line":16,"column":44},"end":{"line":25,"column":1}}},"3":{"name":"(anonymous_10)","decl":{"start":{"line":27,"column":16},"end":{"line":27,"column":17}},"loc":{"start":{"line":27,"column":67},"end":{"line":50,"column":1}}},"4":{"name":"(anonymous_11)","decl":{"start":{"line":45,"column":30},"end":{"line":45,"column":31}},"loc":{"start":{"line":45,"column":35},"end":{"line":45,"column":43}}},"5":{"name":"(anonymous_12)","decl":{"start":{"line":52,"column":24},"end":{"line":52,"column":30}},"loc":{"start":{"line":52,"column":79},"end":{"line":55,"column":null}}},"6":{"name":"(anonymous_13)","decl":{"start":{"line":52,"column":79},"end":{"line":52,"column":null}},"loc":{"start":{"line":52,"column":79},"end":{"line":55,"column":1}}}},"branchMap":{"0":{"loc":{"start":{"line":10,"column":6},"end":{"line":10,"column":8}},"type":"cond-expr","locations":[{"start":{"line":10,"column":6},"end":{"line":10,"column":8}},{"start":{"line":11,"column":6},"end":{"line":11,"column":57}}]},"1":{"loc":{"start":{"line":22,"column":2},"end":{"line":22,"column":null}},"type":"if","locations":[{"start":{"line":22,"column":2},"end":{"line":22,"column":null}},{"start":{"line":22,"column":2},"end":{"line":22,"column":null}}]},"2":{"loc":{"start":{"line":23,"column":2},"end":{"line":23,"column":null}},"type":"if","locations":[{"start":{"line":23,"column":2},"end":{"line":23,"column":null}},{"start":{"line":23,"column":2},"end":{"line":23,"column":null}}]},"3":{"loc":{"start":{"line":32,"column":8},"end":{"line":32,"column":17}},"type":"cond-expr","locations":[{"start":{"line":32,"column":8},"end":{"line":32,"column":17}},{"start":{"line":33,"column":8},"end":{"line":33,"column":17}}]},"4":{"loc":{"start":{"line":36,"column":27},"end":{"line":36,"column":29}},"type":"cond-expr","locations":[{"start":{"line":36,"column":27},"end":{"line":36,"column":29}},{"start":{"line":36,"column":31},"end":{"line":36,"column":34}}]},"5":{"loc":{"start":{"line":43,"column":2},"end":{"line":48,"column":null}},"type":"if","locations":[{"start":{"line":43,"column":2},"end":{"line":48,"column":null}},{"start":{"line":43,"column":2},"end":{"line":48,"column":null}}]}},"s":{"0":1,"1":8,"2":1,"3":4,"4":4,"5":4,"6":1,"7":10,"8":10,"9":10,"10":10,"11":10,"12":10,"13":4,"14":10,"15":4,"16":10,"17":1,"18":4,"19":4,"20":4,"21":4,"22":4,"23":8,"24":8,"25":8,"26":8,"27":8,"28":8,"29":4,"30":2,"31":2,"32":4,"33":2,"34":4,"35":1,"36":4,"37":4,"38":4},"f":{"0":8,"1":4,"2":10,"3":4,"4":4,"5":4,"6":4},"b":{"0":[0,4],"1":[4,6],"2":[4,6],"3":[2,2],"4":[4,4],"5":[2,2]}}
}
