TN:
SF:src/parser.ts
FN:16,(anonymous_7)
FN:16,(anonymous_8)
FN:17,(anonymous_9)
FN:38,(anonymous_10)
FN:38,(anonymous_11)
FN:42,(anonymous_12)
FN:52,(anonymous_13)
FN:85,(anonymous_14)
FN:85,(anonymous_15)
FN:89,(anonymous_16)
FN:96,(anonymous_17)
FN:96,(anonymous_18)
FN:99,(anonymous_19)
FNF:13
FNH:10
FNDA:4,(anonymous_7)
FNDA:4,(anonymous_8)
FNDA:8,(anonymous_9)
FNDA:8,(anonymous_10)
FNDA:8,(anonymous_11)
FNDA:4,(anonymous_12)
FNDA:25,(anonymous_13)
FNDA:8,(anonymous_14)
FNDA:8,(anonymous_15)
FNDA:4,(anonymous_16)
FNDA:0,(anonymous_17)
FNDA:0,(anonymous_18)
FNDA:0,(anonymous_19)
DA:1,1
DA:2,1
DA:4,1
DA:16,4
DA:17,4
DA:18,8
DA:19,8
DA:20,8
DA:21,8
DA:22,8
DA:23,8
DA:25,8
DA:33,8
DA:35,4
DA:38,8
DA:40,8
DA:41,8
DA:42,8
DA:43,4
DA:44,4
DA:45,4
DA:46,4
DA:47,4
DA:48,4
DA:51,8
DA:52,8
DA:53,25
DA:54,59
DA:55,59
DA:56,10
DA:57,10
DA:58,8
DA:59,8
DA:60,8
DA:68,8
DA:69,4
DA:70,4
DA:71,4
DA:73,8
DA:76,59
DA:77,17
DA:81,8
DA:82,8
DA:85,8
DA:86,8
DA:87,8
DA:88,8
DA:89,4
DA:92,0
DA:96,1
DA:97,0
DA:98,0
DA:99,0
LF:53
LH:49
BRDA:22,0,0,8
BRDA:22,0,1,0
BRDA:45,1,0,4
BRDA:45,1,1,0
BRDA:55,2,0,10
BRDA:55,2,1,49
BRDA:55,3,0,0
BRDA:55,3,1,59
BRDA:55,4,0,59
BRDA:55,4,1,59
BRDA:57,5,0,8
BRDA:57,5,1,2
BRDA:58,6,0,8
BRDA:58,6,1,0
BRDA:68,7,0,4
BRDA:68,7,1,4
BRDA:76,8,0,17
BRDA:76,8,1,42
BRDA:76,9,0,0
BRDA:76,9,1,59
BRDA:76,10,0,59
BRDA:76,10,1,59
BRDA:89,11,0,4
BRDA:89,11,1,4
BRF:24
BRH:19
end_of_record
TN:
SF:src/utils.ts
FN:4,(anonymous_7)
FN:7,(anonymous_8)
FN:16,(anonymous_9)
FN:27,(anonymous_10)
FN:45,(anonymous_11)
FN:52,(anonymous_12)
FN:52,(anonymous_13)
FNF:7
FNH:7
FNDA:8,(anonymous_7)
FNDA:4,(anonymous_8)
FNDA:10,(anonymous_9)
FNDA:4,(anonymous_10)
FNDA:4,(anonymous_11)
FNDA:4,(anonymous_12)
FNDA:4,(anonymous_13)
DA:4,8
DA:7,1
DA:8,4
DA:9,4
DA:12,4
DA:16,1
DA:17,10
DA:18,10
DA:19,10
DA:20,10
DA:21,10
DA:22,10
DA:23,10
DA:24,10
DA:27,1
DA:28,4
DA:29,4
DA:30,4
DA:31,4
DA:34,4
DA:35,8
DA:36,8
DA:37,8
DA:38,8
DA:39,8
DA:40,8
DA:43,4
DA:44,2
DA:45,4
DA:47,2
DA:49,4
DA:52,4
DA:53,4
DA:54,4
LF:34
LH:34
BRDA:10,0,0,0
BRDA:10,0,1,4
BRDA:22,1,0,4
BRDA:22,1,1,6
BRDA:23,2,0,4
BRDA:23,2,1,6
BRDA:32,3,0,2
BRDA:32,3,1,2
BRDA:36,4,0,4
BRDA:36,4,1,4
BRDA:43,5,0,2
BRDA:43,5,1,2
BRF:12
BRH:11
end_of_record
